2023-02-01T00:25:05.766+08:00  INFO 30460 --- [main] c.e.g.s.SpringbootDemoApplication        : Starting SpringbootDemoApplication using Java 17.0.5 with PID 30460 (D:\program\LanqiaoWeb\springboot-demo\target\classes started by asus in D:\program\LanqiaoWeb\springboot-demo)
2023-02-01T00:25:05.766+08:00  INFO 30460 --- [main] c.e.g.s.SpringbootDemoApplication        : No active profile set, falling back to 1 default profile: "default"
2023-02-01T00:25:06.942+08:00  INFO 30460 --- [main] .s.d.r.c.RepositoryConfigurationDelegate : Multiple Spring Data modules found, entering strict repository configuration mode
2023-02-01T00:25:06.951+08:00  INFO 30460 --- [main] .s.d.r.c.RepositoryConfigurationDelegate : Bootstrapping Spring Data Redis repositories in DEFAULT mode.
2023-02-01T00:25:06.974+08:00  INFO 30460 --- [main] .s.d.r.c.RepositoryConfigurationDelegate : Finished Spring Data repository scanning in 14 ms. Found 0 Redis repository interfaces.
2023-02-01T00:25:08.417+08:00  INFO 30460 --- [main] o.s.b.w.embedded.tomcat.TomcatWebServer  : Tomcat initialized with port(s): 8080 (http)
2023-02-01T00:25:08.417+08:00  INFO 30460 --- [main] o.apache.catalina.core.StandardService   : Starting service [Tomcat]
2023-02-01T00:25:08.417+08:00  INFO 30460 --- [main] o.apache.catalina.core.StandardEngine    : Starting Servlet engine: [Apache Tomcat/10.1.4]
2023-02-01T00:25:08.576+08:00  INFO 30460 --- [main] o.a.c.c.C.[Tomcat].[localhost].[/]       : Initializing Spring embedded WebApplicationContext
2023-02-01T00:25:08.576+08:00  INFO 30460 --- [main] w.s.c.ServletWebServerApplicationContext : Root WebApplicationContext: initialization completed in 2760 ms
2023-02-01T00:25:09.658+08:00  INFO 30460 --- [main] o.s.b.a.w.s.WelcomePageHandlerMapping    : Adding welcome page template: index
2023-02-01T00:25:10.041+08:00  INFO 30460 --- [main] o.s.b.a.e.web.EndpointLinksResolver      : Exposing 1 endpoint(s) beneath base path '/actuator'
2023-02-01T00:25:10.120+08:00  WARN 30460 --- [main] ConfigServletWebServerApplicationContext : Exception encountered during context initialization - cancelling refresh attempt: org.springframework.context.ApplicationContextException: Failed to start bean 'webServerStartStop'
2023-02-01T00:25:10.135+08:00  INFO 30460 --- [main] o.apache.catalina.core.StandardService   : Stopping service [Tomcat]
2023-02-01T00:25:10.158+08:00  INFO 30460 --- [main] .s.b.a.l.ConditionEvaluationReportLogger :

Error starting ApplicationContext. To display the condition evaluation report re-run your application with 'debug' enabled.
2023-02-01T00:25:10.183+08:00 ERROR 30460 --- [main] o.s.b.d.LoggingFailureAnalysisReporter   :

***************************
APPLICATION FAILED TO START
***************************

Description:

Web server failed to start. Port 8080 was already in use.

Action:

Identify and stop the process that's listening on port 8080 or configure this application to listen on another port.

2023-02-01T00:51:37.412+08:00  INFO 18448 --- [main] c.e.g.s.SpringbootDemoApplication        : Starting SpringbootDemoApplication using Java 17.0.5 with PID 18448 (D:\program\LanqiaoWeb\springboot-demo\target\classes started by asus in D:\program\LanqiaoWeb\springboot-demo)
2023-02-01T00:51:37.416+08:00  INFO 18448 --- [main] c.e.g.s.SpringbootDemoApplication        : No active profile set, falling back to 1 default profile: "default"
2023-02-01T00:51:38.237+08:00  INFO 18448 --- [main] .s.d.r.c.RepositoryConfigurationDelegate : Multiple Spring Data modules found, entering strict repository configuration mode
2023-02-01T00:51:38.237+08:00  INFO 18448 --- [main] .s.d.r.c.RepositoryConfigurationDelegate : Bootstrapping Spring Data Redis repositories in DEFAULT mode.
2023-02-01T00:51:38.253+08:00  INFO 18448 --- [main] .s.d.r.c.RepositoryConfigurationDelegate : Finished Spring Data repository scanning in 7 ms. Found 0 Redis repository interfaces.
2023-02-01T00:51:38.756+08:00  INFO 18448 --- [main] o.s.b.w.embedded.tomcat.TomcatWebServer  : Tomcat initialized with port(s): 8088 (http)
2023-02-01T00:51:38.756+08:00  INFO 18448 --- [main] o.apache.catalina.core.StandardService   : Starting service [Tomcat]
2023-02-01T00:51:38.756+08:00  INFO 18448 --- [main] o.apache.catalina.core.StandardEngine    : Starting Servlet engine: [Apache Tomcat/10.1.4]
2023-02-01T00:51:38.865+08:00  INFO 18448 --- [main] o.a.c.c.C.[Tomcat].[localhost].[/]       : Initializing Spring embedded WebApplicationContext
2023-02-01T00:51:38.865+08:00  INFO 18448 --- [main] w.s.c.ServletWebServerApplicationContext : Root WebApplicationContext: initialization completed in 1403 ms
2023-02-01T00:51:39.730+08:00  INFO 18448 --- [main] o.s.b.a.w.s.WelcomePageHandlerMapping    : Adding welcome page template: index
2023-02-01T00:51:40.023+08:00  INFO 18448 --- [main] o.s.b.a.e.web.EndpointLinksResolver      : Exposing 1 endpoint(s) beneath base path '/actuator'
2023-02-01T00:51:40.102+08:00  INFO 18448 --- [main] o.s.b.w.embedded.tomcat.TomcatWebServer  : Tomcat started on port(s): 8088 (http) with context path ''
2023-02-01T00:51:40.117+08:00  INFO 18448 --- [main] c.e.g.s.SpringbootDemoApplication        : Started SpringbootDemoApplication in 3.113 seconds (process running for 3.84)
2023-02-01T00:51:40.266+08:00  INFO 18448 --- [RMI TCP Connection(1)-192.168.206.1] com.zaxxer.hikari.HikariDataSource       : HikariPool-1 - Starting...
2023-02-01T00:51:40.615+08:00  INFO 18448 --- [RMI TCP Connection(1)-192.168.206.1] com.zaxxer.hikari.pool.HikariPool        : HikariPool-1 - Added connection com.mysql.cj.jdbc.ConnectionImpl@56ad1b96
2023-02-01T00:51:40.631+08:00  INFO 18448 --- [RMI TCP Connection(1)-192.168.206.1] com.zaxxer.hikari.HikariDataSource       : HikariPool-1 - Start completed.
2023-02-01T00:51:40.717+08:00  INFO 18448 --- [http-nio-8088-exec-1] o.a.c.c.C.[Tomcat].[localhost].[/]       : Initializing Spring DispatcherServlet 'dispatcherServlet'
2023-02-01T00:51:40.717+08:00  INFO 18448 --- [http-nio-8088-exec-1] o.s.web.servlet.DispatcherServlet        : Initializing Servlet 'dispatcherServlet'
2023-02-01T00:51:40.717+08:00  INFO 18448 --- [http-nio-8088-exec-1] o.s.web.servlet.DispatcherServlet        : Completed initialization in 0 ms
2023-02-01T00:52:48.382+08:00  INFO 18448 --- [http-nio-8088-exec-3] o.apache.coyote.http11.Http11Processor   : Error parsing HTTP request header
 Note: further occurrences of HTTP request parsing errors will be logged at DEBUG level.

java.lang.IllegalArgumentException: Invalid character found in method name [0x160x030x010x020x000x010x000x010xfc0x030x03y0x01bXb<K0xcd0xa8:m0x7f0x9as0x05I*0xfdm0x00O0xcd0xa7770x0b0x930xc60x9bg0x15R ]. HTTP method names must be tokens
	at org.apache.coyote.http11.Http11InputBuffer.parseRequestLine(Http11InputBuffer.java:419) ~[tomcat-embed-core-10.1.4.jar:10.1.4]
	at org.apache.coyote.http11.Http11Processor.service(Http11Processor.java:272) ~[tomcat-embed-core-10.1.4.jar:10.1.4]
	at org.apache.coyote.AbstractProcessorLight.process(AbstractProcessorLight.java:65) ~[tomcat-embed-core-10.1.4.jar:10.1.4]
	at org.apache.coyote.AbstractProtocol$ConnectionHandler.process(AbstractProtocol.java:859) ~[tomcat-embed-core-10.1.4.jar:10.1.4]
	at org.apache.tomcat.util.net.NioEndpoint$SocketProcessor.doRun(NioEndpoint.java:1734) ~[tomcat-embed-core-10.1.4.jar:10.1.4]
	at org.apache.tomcat.util.net.SocketProcessorBase.run(SocketProcessorBase.java:52) ~[tomcat-embed-core-10.1.4.jar:10.1.4]
	at org.apache.tomcat.util.threads.ThreadPoolExecutor.runWorker(ThreadPoolExecutor.java:1191) ~[tomcat-embed-core-10.1.4.jar:10.1.4]
	at org.apache.tomcat.util.threads.ThreadPoolExecutor$Worker.run(ThreadPoolExecutor.java:659) ~[tomcat-embed-core-10.1.4.jar:10.1.4]
	at org.apache.tomcat.util.threads.TaskThread$WrappingRunnable.run(TaskThread.java:61) ~[tomcat-embed-core-10.1.4.jar:10.1.4]
	at java.base/java.lang.Thread.run(Thread.java:833) ~[na:na]

2023-02-01T00:53:22.418+08:00 DEBUG 18448 --- [http-nio-8088-exec-1] c.e.g.s.m.U.getPermissionByUserId        : ==>  Preparing: SELECT p.* FROM user_role ur,role_permission rp,permission p WHERE ur.role_id=rp.role_id AND rp.per_id=p.per_id AND ur.user_id=?
2023-02-01T00:53:22.454+08:00 DEBUG 18448 --- [http-nio-8088-exec-1] c.e.g.s.m.U.getPermissionByUserId        : ==> Parameters: 19001(Integer)
2023-02-01T00:53:24.127+08:00 DEBUG 18448 --- [http-nio-8088-exec-1] c.e.g.s.m.U.getPermissionByUserId        : <==      Total: 14
2023-02-01T00:54:47.283+08:00  WARN 18448 --- [http-nio-8088-exec-5] .w.s.m.s.DefaultHandlerExceptionResolver : Resolved [org.springframework.http.converter.HttpMessageNotReadableException: Required request body is missing: public cn.edu.guet.springbootdemo.bean.Result cn.edu.guet.springbootdemo.controller.LoginController.login(cn.edu.guet.springbootdemo.bean.User)]
2023-02-01T00:56:57.322+08:00 DEBUG 18448 --- [http-nio-8088-exec-7] c.e.g.s.mapper.UserMapper.login          : ==>  Preparing: SELECT * FROM users WHERE username=? AND password=?
2023-02-01T00:56:57.322+08:00 DEBUG 18448 --- [http-nio-8088-exec-7] c.e.g.s.mapper.UserMapper.login          : ==> Parameters: admin(String), 1234(String)
2023-02-01T00:56:57.330+08:00 DEBUG 18448 --- [http-nio-8088-exec-7] c.e.g.s.mapper.UserMapper.login          : <==      Total: 1
2023-02-01T01:06:46.820+08:00 DEBUG 18448 --- [http-nio-8088-exec-2] c.e.g.s.mapper.UserMapper.login          : ==>  Preparing: SELECT * FROM users WHERE username=? AND password=?
2023-02-01T01:06:46.820+08:00 DEBUG 18448 --- [http-nio-8088-exec-2] c.e.g.s.mapper.UserMapper.login          : ==> Parameters: admin(String), 1234(String)
2023-02-01T01:06:46.820+08:00 DEBUG 18448 --- [http-nio-8088-exec-2] c.e.g.s.mapper.UserMapper.login          : <==      Total: 1
2023-02-01T01:13:59.353+08:00 DEBUG 18448 --- [http-nio-8088-exec-1] c.e.g.s.mapper.UserMapper.login          : ==>  Preparing: SELECT * FROM users WHERE username=? AND password=?
2023-02-01T01:13:59.353+08:00 DEBUG 18448 --- [http-nio-8088-exec-1] c.e.g.s.mapper.UserMapper.login          : ==> Parameters: admin(String), 1234(String)
2023-02-01T01:13:59.353+08:00 DEBUG 18448 --- [http-nio-8088-exec-1] c.e.g.s.mapper.UserMapper.login          : <==      Total: 1
2023-02-01T01:14:38.394+08:00 DEBUG 18448 --- [http-nio-8088-exec-3] c.e.g.s.m.U.getPermissionByUserId        : ==>  Preparing: SELECT p.* FROM user_role ur,role_permission rp,permission p WHERE ur.role_id=rp.role_id AND rp.per_id=p.per_id AND ur.user_id=?
2023-02-01T01:14:38.394+08:00 DEBUG 18448 --- [http-nio-8088-exec-3] c.e.g.s.m.U.getPermissionByUserId        : ==> Parameters: 19001(Integer)
2023-02-01T01:14:38.402+08:00 DEBUG 18448 --- [http-nio-8088-exec-3] c.e.g.s.m.U.getPermissionByUserId        : <==      Total: 14
2023-02-01T01:14:53.852+08:00 DEBUG 18448 --- [http-nio-8088-exec-2] c.e.g.s.m.U.getPermissionByUserId        : ==>  Preparing: SELECT p.* FROM user_role ur,role_permission rp,permission p WHERE ur.role_id=rp.role_id AND rp.per_id=p.per_id AND ur.user_id=?
2023-02-01T01:14:53.852+08:00 DEBUG 18448 --- [http-nio-8088-exec-2] c.e.g.s.m.U.getPermissionByUserId        : ==> Parameters: 19001(Integer)
2023-02-01T01:14:53.860+08:00 DEBUG 18448 --- [http-nio-8088-exec-2] c.e.g.s.m.U.getPermissionByUserId        : <==      Total: 14
2023-02-01T01:14:59.409+08:00 DEBUG 18448 --- [http-nio-8088-exec-4] c.e.g.s.m.U.getPermissionByUserId        : ==>  Preparing: SELECT p.* FROM user_role ur,role_permission rp,permission p WHERE ur.role_id=rp.role_id AND rp.per_id=p.per_id AND ur.user_id=?
2023-02-01T01:14:59.409+08:00 DEBUG 18448 --- [http-nio-8088-exec-4] c.e.g.s.m.U.getPermissionByUserId        : ==> Parameters: 19001(Integer)
2023-02-01T01:14:59.417+08:00 DEBUG 18448 --- [http-nio-8088-exec-4] c.e.g.s.m.U.getPermissionByUserId        : <==      Total: 14
2023-02-01T01:19:00.261+08:00 DEBUG 18448 --- [http-nio-8088-exec-7] c.e.g.s.mapper.UserMapper.login          : ==>  Preparing: SELECT * FROM users WHERE username=? AND password=?
2023-02-01T01:19:00.261+08:00 DEBUG 18448 --- [http-nio-8088-exec-7] c.e.g.s.mapper.UserMapper.login          : ==> Parameters: admin(String), 1234(String)
2023-02-01T01:19:00.261+08:00 DEBUG 18448 --- [http-nio-8088-exec-7] c.e.g.s.mapper.UserMapper.login          : <==      Total: 1
2023-02-01T01:19:00.317+08:00 DEBUG 18448 --- [http-nio-8088-exec-6] c.e.g.s.m.U.getPermissionByUserId        : ==>  Preparing: SELECT p.* FROM user_role ur,role_permission rp,permission p WHERE ur.role_id=rp.role_id AND rp.per_id=p.per_id AND ur.user_id=?
2023-02-01T01:19:00.317+08:00 DEBUG 18448 --- [http-nio-8088-exec-6] c.e.g.s.m.U.getPermissionByUserId        : ==> Parameters: 19001(Integer)
2023-02-01T01:19:00.325+08:00 DEBUG 18448 --- [http-nio-8088-exec-6] c.e.g.s.m.U.getPermissionByUserId        : <==      Total: 14
2023-02-01T01:19:02.892+08:00 DEBUG 18448 --- [http-nio-8088-exec-5] c.e.g.s.mapper.UserMapper.login          : ==>  Preparing: SELECT * FROM users WHERE username=? AND password=?
2023-02-01T01:19:02.892+08:00 DEBUG 18448 --- [http-nio-8088-exec-5] c.e.g.s.mapper.UserMapper.login          : ==> Parameters: admin(String), 1234(String)
2023-02-01T01:19:02.892+08:00 DEBUG 18448 --- [http-nio-8088-exec-5] c.e.g.s.mapper.UserMapper.login          : <==      Total: 1
2023-02-01T01:19:02.932+08:00 DEBUG 18448 --- [http-nio-8088-exec-10] c.e.g.s.m.U.getPermissionByUserId        : ==>  Preparing: SELECT p.* FROM user_role ur,role_permission rp,permission p WHERE ur.role_id=rp.role_id AND rp.per_id=p.per_id AND ur.user_id=?
2023-02-01T01:19:02.932+08:00 DEBUG 18448 --- [http-nio-8088-exec-10] c.e.g.s.m.U.getPermissionByUserId        : ==> Parameters: 19001(Integer)
2023-02-01T01:19:02.932+08:00 DEBUG 18448 --- [http-nio-8088-exec-10] c.e.g.s.m.U.getPermissionByUserId        : <==      Total: 14
2023-02-01T01:45:34.232+08:00 DEBUG 18448 --- [http-nio-8088-exec-3] c.e.g.s.m.U.getPermissionByUserId        : ==>  Preparing: SELECT p.* FROM user_role ur,role_permission rp,permission p WHERE ur.role_id=rp.role_id AND rp.per_id=p.per_id AND ur.user_id=?
2023-02-01T01:45:34.233+08:00 DEBUG 18448 --- [http-nio-8088-exec-3] c.e.g.s.m.U.getPermissionByUserId        : ==> Parameters: 19001(Integer)
2023-02-01T01:45:34.239+08:00 DEBUG 18448 --- [http-nio-8088-exec-3] c.e.g.s.m.U.getPermissionByUserId        : <==      Total: 14
2023-02-01T01:56:09.603+08:00 DEBUG 18448 --- [http-nio-8088-exec-4] c.e.g.s.mapper.UserMapper.login          : ==>  Preparing: SELECT * FROM users WHERE username=? AND password=?
2023-02-01T01:56:09.603+08:00 DEBUG 18448 --- [http-nio-8088-exec-4] c.e.g.s.mapper.UserMapper.login          : ==> Parameters: (String), (String)
2023-02-01T01:56:09.605+08:00 DEBUG 18448 --- [http-nio-8088-exec-4] c.e.g.s.mapper.UserMapper.login          : <==      Total: 0
2023-02-01T01:56:10.669+08:00 DEBUG 18448 --- [http-nio-8088-exec-8] c.e.g.s.mapper.UserMapper.login          : ==>  Preparing: SELECT * FROM users WHERE username=? AND password=?
2023-02-01T01:56:10.669+08:00 DEBUG 18448 --- [http-nio-8088-exec-8] c.e.g.s.mapper.UserMapper.login          : ==> Parameters: (String), (String)
2023-02-01T01:56:10.670+08:00 DEBUG 18448 --- [http-nio-8088-exec-8] c.e.g.s.mapper.UserMapper.login          : <==      Total: 0
2023-02-01T01:56:11.741+08:00 DEBUG 18448 --- [http-nio-8088-exec-7] c.e.g.s.mapper.UserMapper.login          : ==>  Preparing: SELECT * FROM users WHERE username=? AND password=?
2023-02-01T01:56:11.742+08:00 DEBUG 18448 --- [http-nio-8088-exec-7] c.e.g.s.mapper.UserMapper.login          : ==> Parameters: (String), (String)
2023-02-01T01:56:11.743+08:00 DEBUG 18448 --- [http-nio-8088-exec-7] c.e.g.s.mapper.UserMapper.login          : <==      Total: 0
2023-02-01T01:56:11.922+08:00 DEBUG 18448 --- [http-nio-8088-exec-6] c.e.g.s.mapper.UserMapper.login          : ==>  Preparing: SELECT * FROM users WHERE username=? AND password=?
2023-02-01T01:56:11.924+08:00 DEBUG 18448 --- [http-nio-8088-exec-6] c.e.g.s.mapper.UserMapper.login          : ==> Parameters: (String), (String)
2023-02-01T01:56:11.925+08:00 DEBUG 18448 --- [http-nio-8088-exec-6] c.e.g.s.mapper.UserMapper.login          : <==      Total: 0
2023-02-01T01:56:12.075+08:00 DEBUG 18448 --- [http-nio-8088-exec-5] c.e.g.s.mapper.UserMapper.login          : ==>  Preparing: SELECT * FROM users WHERE username=? AND password=?
2023-02-01T01:56:12.076+08:00 DEBUG 18448 --- [http-nio-8088-exec-5] c.e.g.s.mapper.UserMapper.login          : ==> Parameters: (String), (String)
2023-02-01T01:56:12.077+08:00 DEBUG 18448 --- [http-nio-8088-exec-5] c.e.g.s.mapper.UserMapper.login          : <==      Total: 0
2023-02-01T01:56:12.230+08:00 DEBUG 18448 --- [http-nio-8088-exec-10] c.e.g.s.mapper.UserMapper.login          : ==>  Preparing: SELECT * FROM users WHERE username=? AND password=?
2023-02-01T01:56:12.230+08:00 DEBUG 18448 --- [http-nio-8088-exec-10] c.e.g.s.mapper.UserMapper.login          : ==> Parameters: (String), (String)
2023-02-01T01:56:12.231+08:00 DEBUG 18448 --- [http-nio-8088-exec-10] c.e.g.s.mapper.UserMapper.login          : <==      Total: 0
2023-02-01T01:56:14.071+08:00 DEBUG 18448 --- [http-nio-8088-exec-9] c.e.g.s.mapper.UserMapper.login          : ==>  Preparing: SELECT * FROM users WHERE username=? AND password=?
2023-02-01T01:56:14.072+08:00 DEBUG 18448 --- [http-nio-8088-exec-9] c.e.g.s.mapper.UserMapper.login          : ==> Parameters: admin(String), 1234(String)
2023-02-01T01:56:14.072+08:00 DEBUG 18448 --- [http-nio-8088-exec-9] c.e.g.s.mapper.UserMapper.login          : <==      Total: 1
2023-02-01T01:56:14.097+08:00 DEBUG 18448 --- [http-nio-8088-exec-1] c.e.g.s.m.U.getPermissionByUserId        : ==>  Preparing: SELECT p.* FROM user_role ur,role_permission rp,permission p WHERE ur.role_id=rp.role_id AND rp.per_id=p.per_id AND ur.user_id=?
2023-02-01T01:56:14.097+08:00 DEBUG 18448 --- [http-nio-8088-exec-1] c.e.g.s.m.U.getPermissionByUserId        : ==> Parameters: 19001(Integer)
2023-02-01T01:56:14.100+08:00 DEBUG 18448 --- [http-nio-8088-exec-1] c.e.g.s.m.U.getPermissionByUserId        : <==      Total: 14
2023-02-01T01:56:16.825+08:00 DEBUG 18448 --- [http-nio-8088-exec-3] c.e.g.s.mapper.UserMapper.login          : ==>  Preparing: SELECT * FROM users WHERE username=? AND password=?
2023-02-01T01:56:16.826+08:00 DEBUG 18448 --- [http-nio-8088-exec-3] c.e.g.s.mapper.UserMapper.login          : ==> Parameters: admin(String), 1234(String)
2023-02-01T01:56:16.827+08:00 DEBUG 18448 --- [http-nio-8088-exec-3] c.e.g.s.mapper.UserMapper.login          : <==      Total: 1
2023-02-01T01:56:16.848+08:00 DEBUG 18448 --- [http-nio-8088-exec-2] c.e.g.s.m.U.getPermissionByUserId        : ==>  Preparing: SELECT p.* FROM user_role ur,role_permission rp,permission p WHERE ur.role_id=rp.role_id AND rp.per_id=p.per_id AND ur.user_id=?
2023-02-01T01:56:16.848+08:00 DEBUG 18448 --- [http-nio-8088-exec-2] c.e.g.s.m.U.getPermissionByUserId        : ==> Parameters: 19001(Integer)
2023-02-01T01:56:16.851+08:00 DEBUG 18448 --- [http-nio-8088-exec-2] c.e.g.s.m.U.getPermissionByUserId        : <==      Total: 14
2023-02-01T01:59:05.280+08:00 DEBUG 18448 --- [http-nio-8088-exec-8] c.e.g.s.mapper.UserMapper.login          : ==>  Preparing: SELECT * FROM users WHERE username=? AND password=?
2023-02-01T01:59:05.281+08:00 DEBUG 18448 --- [http-nio-8088-exec-8] c.e.g.s.mapper.UserMapper.login          : ==> Parameters: admin(String), 12345(String)
2023-02-01T01:59:05.281+08:00 DEBUG 18448 --- [http-nio-8088-exec-8] c.e.g.s.mapper.UserMapper.login          : <==      Total: 0
2023-02-01T01:59:07.343+08:00 DEBUG 18448 --- [http-nio-8088-exec-7] c.e.g.s.mapper.UserMapper.login          : ==>  Preparing: SELECT * FROM users WHERE username=? AND password=?
2023-02-01T01:59:07.344+08:00 DEBUG 18448 --- [http-nio-8088-exec-7] c.e.g.s.mapper.UserMapper.login          : ==> Parameters: admin(String), 12345(String)
2023-02-01T01:59:07.344+08:00 DEBUG 18448 --- [http-nio-8088-exec-7] c.e.g.s.mapper.UserMapper.login          : <==      Total: 0
2023-02-01T01:59:10.631+08:00 DEBUG 18448 --- [http-nio-8088-exec-6] c.e.g.s.mapper.UserMapper.login          : ==>  Preparing: SELECT * FROM users WHERE username=? AND password=?
2023-02-01T01:59:10.631+08:00 DEBUG 18448 --- [http-nio-8088-exec-6] c.e.g.s.mapper.UserMapper.login          : ==> Parameters: admin(String), 1234(String)
2023-02-01T01:59:10.633+08:00 DEBUG 18448 --- [http-nio-8088-exec-6] c.e.g.s.mapper.UserMapper.login          : <==      Total: 1
2023-02-01T01:59:10.707+08:00 DEBUG 18448 --- [http-nio-8088-exec-5] c.e.g.s.m.U.getPermissionByUserId        : ==>  Preparing: SELECT p.* FROM user_role ur,role_permission rp,permission p WHERE ur.role_id=rp.role_id AND rp.per_id=p.per_id AND ur.user_id=?
2023-02-01T01:59:10.708+08:00 DEBUG 18448 --- [http-nio-8088-exec-5] c.e.g.s.m.U.getPermissionByUserId        : ==> Parameters: 19001(Integer)
2023-02-01T01:59:10.713+08:00 DEBUG 18448 --- [http-nio-8088-exec-5] c.e.g.s.m.U.getPermissionByUserId        : <==      Total: 14
2023-02-01T01:59:21.680+08:00 DEBUG 18448 --- [http-nio-8088-exec-10] c.e.g.s.mapper.UserMapper.login          : ==>  Preparing: SELECT * FROM users WHERE username=? AND password=?
2023-02-01T01:59:21.680+08:00 DEBUG 18448 --- [http-nio-8088-exec-10] c.e.g.s.mapper.UserMapper.login          : ==> Parameters: admin(String), 1234(String)
2023-02-01T01:59:21.681+08:00 DEBUG 18448 --- [http-nio-8088-exec-10] c.e.g.s.mapper.UserMapper.login          : <==      Total: 1
2023-02-01T01:59:21.704+08:00 DEBUG 18448 --- [http-nio-8088-exec-9] c.e.g.s.m.U.getPermissionByUserId        : ==>  Preparing: SELECT p.* FROM user_role ur,role_permission rp,permission p WHERE ur.role_id=rp.role_id AND rp.per_id=p.per_id AND ur.user_id=?
2023-02-01T01:59:21.705+08:00 DEBUG 18448 --- [http-nio-8088-exec-9] c.e.g.s.m.U.getPermissionByUserId        : ==> Parameters: 19001(Integer)
2023-02-01T01:59:21.707+08:00 DEBUG 18448 --- [http-nio-8088-exec-9] c.e.g.s.m.U.getPermissionByUserId        : <==      Total: 14
2023-02-01T02:00:46.196+08:00 DEBUG 18448 --- [http-nio-8088-exec-3] c.e.g.s.mapper.UserMapper.login          : ==>  Preparing: SELECT * FROM users WHERE username=? AND password=?
2023-02-01T02:00:46.197+08:00 DEBUG 18448 --- [http-nio-8088-exec-3] c.e.g.s.mapper.UserMapper.login          : ==> Parameters: admin(String), 1234(String)
2023-02-01T02:00:46.198+08:00 DEBUG 18448 --- [http-nio-8088-exec-3] c.e.g.s.mapper.UserMapper.login          : <==      Total: 1
2023-02-01T02:00:46.261+08:00 DEBUG 18448 --- [http-nio-8088-exec-2] c.e.g.s.m.U.getPermissionByUserId        : ==>  Preparing: SELECT p.* FROM user_role ur,role_permission rp,permission p WHERE ur.role_id=rp.role_id AND rp.per_id=p.per_id AND ur.user_id=?
2023-02-01T02:00:46.262+08:00 DEBUG 18448 --- [http-nio-8088-exec-2] c.e.g.s.m.U.getPermissionByUserId        : ==> Parameters: 19001(Integer)
2023-02-01T02:00:46.266+08:00 DEBUG 18448 --- [http-nio-8088-exec-2] c.e.g.s.m.U.getPermissionByUserId        : <==      Total: 14
2023-02-01T02:00:48.407+08:00 DEBUG 18448 --- [http-nio-8088-exec-4] c.e.g.s.mapper.UserMapper.login          : ==>  Preparing: SELECT * FROM users WHERE username=? AND password=?
2023-02-01T02:00:48.407+08:00 DEBUG 18448 --- [http-nio-8088-exec-4] c.e.g.s.mapper.UserMapper.login          : ==> Parameters: admin(String), 1234(String)
2023-02-01T02:00:48.408+08:00 DEBUG 18448 --- [http-nio-8088-exec-4] c.e.g.s.mapper.UserMapper.login          : <==      Total: 1
2023-02-01T02:00:48.431+08:00 DEBUG 18448 --- [http-nio-8088-exec-8] c.e.g.s.m.U.getPermissionByUserId        : ==>  Preparing: SELECT p.* FROM user_role ur,role_permission rp,permission p WHERE ur.role_id=rp.role_id AND rp.per_id=p.per_id AND ur.user_id=?
2023-02-01T02:00:48.431+08:00 DEBUG 18448 --- [http-nio-8088-exec-8] c.e.g.s.m.U.getPermissionByUserId        : ==> Parameters: 19001(Integer)
2023-02-01T02:00:48.433+08:00 DEBUG 18448 --- [http-nio-8088-exec-8] c.e.g.s.m.U.getPermissionByUserId        : <==      Total: 14
2023-02-01T02:00:53.714+08:00 DEBUG 18448 --- [http-nio-8088-exec-7] c.e.g.s.mapper.UserMapper.login          : ==>  Preparing: SELECT * FROM users WHERE username=? AND password=?
2023-02-01T02:00:53.715+08:00 DEBUG 18448 --- [http-nio-8088-exec-7] c.e.g.s.mapper.UserMapper.login          : ==> Parameters: admin(String), 1234(String)
2023-02-01T02:00:53.716+08:00 DEBUG 18448 --- [http-nio-8088-exec-7] c.e.g.s.mapper.UserMapper.login          : <==      Total: 1
2023-02-01T02:00:53.738+08:00 DEBUG 18448 --- [http-nio-8088-exec-6] c.e.g.s.m.U.getPermissionByUserId        : ==>  Preparing: SELECT p.* FROM user_role ur,role_permission rp,permission p WHERE ur.role_id=rp.role_id AND rp.per_id=p.per_id AND ur.user_id=?
2023-02-01T02:00:53.738+08:00 DEBUG 18448 --- [http-nio-8088-exec-6] c.e.g.s.m.U.getPermissionByUserId        : ==> Parameters: 19001(Integer)
2023-02-01T02:00:53.740+08:00 DEBUG 18448 --- [http-nio-8088-exec-6] c.e.g.s.m.U.getPermissionByUserId        : <==      Total: 14
2023-02-01T02:01:06.741+08:00 DEBUG 18448 --- [http-nio-8088-exec-5] c.e.g.s.mapper.UserMapper.login          : ==>  Preparing: SELECT * FROM users WHERE username=? AND password=?
2023-02-01T02:01:06.742+08:00 DEBUG 18448 --- [http-nio-8088-exec-5] c.e.g.s.mapper.UserMapper.login          : ==> Parameters: admin(String), 12343(String)
2023-02-01T02:01:06.743+08:00 DEBUG 18448 --- [http-nio-8088-exec-5] c.e.g.s.mapper.UserMapper.login          : <==      Total: 0
2023-02-01T02:01:08.470+08:00 DEBUG 18448 --- [http-nio-8088-exec-10] c.e.g.s.mapper.UserMapper.login          : ==>  Preparing: SELECT * FROM users WHERE username=? AND password=?
2023-02-01T02:01:08.470+08:00 DEBUG 18448 --- [http-nio-8088-exec-10] c.e.g.s.mapper.UserMapper.login          : ==> Parameters: admin(String), 12343(String)
2023-02-01T02:01:08.471+08:00 DEBUG 18448 --- [http-nio-8088-exec-10] c.e.g.s.mapper.UserMapper.login          : <==      Total: 0
2023-02-01T02:01:09.471+08:00 DEBUG 18448 --- [http-nio-8088-exec-9] c.e.g.s.mapper.UserMapper.login          : ==>  Preparing: SELECT * FROM users WHERE username=? AND password=?
2023-02-01T02:01:09.472+08:00 DEBUG 18448 --- [http-nio-8088-exec-9] c.e.g.s.mapper.UserMapper.login          : ==> Parameters: admin(String), 12343(String)
2023-02-01T02:01:09.472+08:00 DEBUG 18448 --- [http-nio-8088-exec-9] c.e.g.s.mapper.UserMapper.login          : <==      Total: 0
2023-02-01T02:01:09.812+08:00 DEBUG 18448 --- [http-nio-8088-exec-1] c.e.g.s.mapper.UserMapper.login          : ==>  Preparing: SELECT * FROM users WHERE username=? AND password=?
2023-02-01T02:01:09.812+08:00 DEBUG 18448 --- [http-nio-8088-exec-1] c.e.g.s.mapper.UserMapper.login          : ==> Parameters: admin(String), 12343(String)
2023-02-01T02:01:09.813+08:00 DEBUG 18448 --- [http-nio-8088-exec-1] c.e.g.s.mapper.UserMapper.login          : <==      Total: 0
2023-02-01T02:01:10.005+08:00 DEBUG 18448 --- [http-nio-8088-exec-3] c.e.g.s.mapper.UserMapper.login          : ==>  Preparing: SELECT * FROM users WHERE username=? AND password=?
2023-02-01T02:01:10.006+08:00 DEBUG 18448 --- [http-nio-8088-exec-3] c.e.g.s.mapper.UserMapper.login          : ==> Parameters: admin(String), 12343(String)
2023-02-01T02:01:10.006+08:00 DEBUG 18448 --- [http-nio-8088-exec-3] c.e.g.s.mapper.UserMapper.login          : <==      Total: 0
2023-02-01T02:01:10.222+08:00 DEBUG 18448 --- [http-nio-8088-exec-2] c.e.g.s.mapper.UserMapper.login          : ==>  Preparing: SELECT * FROM users WHERE username=? AND password=?
2023-02-01T02:01:10.222+08:00 DEBUG 18448 --- [http-nio-8088-exec-2] c.e.g.s.mapper.UserMapper.login          : ==> Parameters: admin(String), 12343(String)
2023-02-01T02:01:10.223+08:00 DEBUG 18448 --- [http-nio-8088-exec-2] c.e.g.s.mapper.UserMapper.login          : <==      Total: 0
2023-02-01T02:01:10.434+08:00 DEBUG 18448 --- [http-nio-8088-exec-4] c.e.g.s.mapper.UserMapper.login          : ==>  Preparing: SELECT * FROM users WHERE username=? AND password=?
2023-02-01T02:01:10.434+08:00 DEBUG 18448 --- [http-nio-8088-exec-4] c.e.g.s.mapper.UserMapper.login          : ==> Parameters: admin(String), 12343(String)
2023-02-01T02:01:10.435+08:00 DEBUG 18448 --- [http-nio-8088-exec-4] c.e.g.s.mapper.UserMapper.login          : <==      Total: 0
2023-02-01T02:01:11.019+08:00 DEBUG 18448 --- [http-nio-8088-exec-8] c.e.g.s.mapper.UserMapper.login          : ==>  Preparing: SELECT * FROM users WHERE username=? AND password=?
2023-02-01T02:01:11.019+08:00 DEBUG 18448 --- [http-nio-8088-exec-8] c.e.g.s.mapper.UserMapper.login          : ==> Parameters: admin(String), 12343(String)
2023-02-01T02:01:11.020+08:00 DEBUG 18448 --- [http-nio-8088-exec-8] c.e.g.s.mapper.UserMapper.login          : <==      Total: 0
2023-02-01T02:01:11.858+08:00 DEBUG 18448 --- [http-nio-8088-exec-7] c.e.g.s.mapper.UserMapper.login          : ==>  Preparing: SELECT * FROM users WHERE username=? AND password=?
2023-02-01T02:01:11.858+08:00 DEBUG 18448 --- [http-nio-8088-exec-7] c.e.g.s.mapper.UserMapper.login          : ==> Parameters: admin(String), 12343(String)
2023-02-01T02:01:11.859+08:00 DEBUG 18448 --- [http-nio-8088-exec-7] c.e.g.s.mapper.UserMapper.login          : <==      Total: 0
2023-02-01T02:06:42.384+08:00 DEBUG 18448 --- [http-nio-8088-exec-5] c.e.g.s.mapper.UserMapper.login          : ==>  Preparing: SELECT * FROM users WHERE username=? AND password=?
2023-02-01T02:06:42.385+08:00 DEBUG 18448 --- [http-nio-8088-exec-5] c.e.g.s.mapper.UserMapper.login          : ==> Parameters: admin(String), 1234(String)
2023-02-01T02:06:42.386+08:00 DEBUG 18448 --- [http-nio-8088-exec-5] c.e.g.s.mapper.UserMapper.login          : <==      Total: 1
2023-02-01T02:06:42.441+08:00 DEBUG 18448 --- [http-nio-8088-exec-10] c.e.g.s.m.U.getPermissionByUserId        : ==>  Preparing: SELECT p.* FROM user_role ur,role_permission rp,permission p WHERE ur.role_id=rp.role_id AND rp.per_id=p.per_id AND ur.user_id=?
2023-02-01T02:06:42.442+08:00 DEBUG 18448 --- [http-nio-8088-exec-10] c.e.g.s.m.U.getPermissionByUserId        : ==> Parameters: 19001(Integer)
2023-02-01T02:06:42.444+08:00 DEBUG 18448 --- [http-nio-8088-exec-10] c.e.g.s.m.U.getPermissionByUserId        : <==      Total: 14
2023-02-01T02:06:45.052+08:00 DEBUG 18448 --- [http-nio-8088-exec-9] c.e.g.s.mapper.UserMapper.login          : ==>  Preparing: SELECT * FROM users WHERE username=? AND password=?
2023-02-01T02:06:45.052+08:00 DEBUG 18448 --- [http-nio-8088-exec-9] c.e.g.s.mapper.UserMapper.login          : ==> Parameters: admin(String), 12344(String)
2023-02-01T02:06:45.053+08:00 DEBUG 18448 --- [http-nio-8088-exec-9] c.e.g.s.mapper.UserMapper.login          : <==      Total: 0
2023-02-01T02:07:01.797+08:00 DEBUG 18448 --- [http-nio-8088-exec-1] c.e.g.s.mapper.UserMapper.login          : ==>  Preparing: SELECT * FROM users WHERE username=? AND password=?
2023-02-01T02:07:01.798+08:00 DEBUG 18448 --- [http-nio-8088-exec-1] c.e.g.s.mapper.UserMapper.login          : ==> Parameters: admin(String), 1234(String)
2023-02-01T02:07:01.799+08:00 DEBUG 18448 --- [http-nio-8088-exec-1] c.e.g.s.mapper.UserMapper.login          : <==      Total: 1
2023-02-01T02:07:01.852+08:00 DEBUG 18448 --- [http-nio-8088-exec-3] c.e.g.s.m.U.getPermissionByUserId        : ==>  Preparing: SELECT p.* FROM user_role ur,role_permission rp,permission p WHERE ur.role_id=rp.role_id AND rp.per_id=p.per_id AND ur.user_id=?
2023-02-01T02:07:01.854+08:00 DEBUG 18448 --- [http-nio-8088-exec-3] c.e.g.s.m.U.getPermissionByUserId        : ==> Parameters: 19001(Integer)
2023-02-01T02:07:01.856+08:00 DEBUG 18448 --- [http-nio-8088-exec-3] c.e.g.s.m.U.getPermissionByUserId        : <==      Total: 14
2023-02-01T02:07:04.610+08:00 DEBUG 18448 --- [http-nio-8088-exec-2] c.e.g.s.mapper.UserMapper.login          : ==>  Preparing: SELECT * FROM users WHERE username=? AND password=?
2023-02-01T02:07:04.611+08:00 DEBUG 18448 --- [http-nio-8088-exec-2] c.e.g.s.mapper.UserMapper.login          : ==> Parameters: admin(String), 12345(String)
2023-02-01T02:07:04.612+08:00 DEBUG 18448 --- [http-nio-8088-exec-2] c.e.g.s.mapper.UserMapper.login          : <==      Total: 0
2023-02-01T02:08:31.019+08:00 DEBUG 18448 --- [http-nio-8088-exec-8] c.e.g.s.mapper.UserMapper.login          : ==>  Preparing: SELECT * FROM users WHERE username=? AND password=?
2023-02-01T02:08:31.019+08:00 DEBUG 18448 --- [http-nio-8088-exec-8] c.e.g.s.mapper.UserMapper.login          : ==> Parameters: admin(String), 12346(String)
2023-02-01T02:08:31.020+08:00 DEBUG 18448 --- [http-nio-8088-exec-8] c.e.g.s.mapper.UserMapper.login          : <==      Total: 0
2023-02-01T02:08:36.673+08:00 DEBUG 18448 --- [http-nio-8088-exec-7] c.e.g.s.mapper.UserMapper.login          : ==>  Preparing: SELECT * FROM users WHERE username=? AND password=?
2023-02-01T02:08:36.673+08:00 DEBUG 18448 --- [http-nio-8088-exec-7] c.e.g.s.mapper.UserMapper.login          : ==> Parameters: admin(String), 1234(String)
2023-02-01T02:08:36.674+08:00 DEBUG 18448 --- [http-nio-8088-exec-7] c.e.g.s.mapper.UserMapper.login          : <==      Total: 1
2023-02-01T02:08:36.726+08:00 DEBUG 18448 --- [http-nio-8088-exec-6] c.e.g.s.m.U.getPermissionByUserId        : ==>  Preparing: SELECT p.* FROM user_role ur,role_permission rp,permission p WHERE ur.role_id=rp.role_id AND rp.per_id=p.per_id AND ur.user_id=?
2023-02-01T02:08:36.726+08:00 DEBUG 18448 --- [http-nio-8088-exec-6] c.e.g.s.m.U.getPermissionByUserId        : ==> Parameters: 19001(Integer)
2023-02-01T02:08:36.728+08:00 DEBUG 18448 --- [http-nio-8088-exec-6] c.e.g.s.m.U.getPermissionByUserId        : <==      Total: 14
2023-02-01T02:10:08.794+08:00 DEBUG 18448 --- [http-nio-8088-exec-10] c.e.g.s.mapper.UserMapper.login          : ==>  Preparing: SELECT * FROM users WHERE username=? AND password=?
2023-02-01T02:10:08.794+08:00 DEBUG 18448 --- [http-nio-8088-exec-10] c.e.g.s.mapper.UserMapper.login          : ==> Parameters: admin(String), 1234(String)
2023-02-01T02:10:08.796+08:00 DEBUG 18448 --- [http-nio-8088-exec-10] c.e.g.s.mapper.UserMapper.login          : <==      Total: 1
2023-02-01T02:10:08.827+08:00 DEBUG 18448 --- [http-nio-8088-exec-9] c.e.g.s.m.U.getPermissionByUserId        : ==>  Preparing: SELECT p.* FROM user_role ur,role_permission rp,permission p WHERE ur.role_id=rp.role_id AND rp.per_id=p.per_id AND ur.user_id=?
2023-02-01T02:10:08.828+08:00 DEBUG 18448 --- [http-nio-8088-exec-9] c.e.g.s.m.U.getPermissionByUserId        : ==> Parameters: 19001(Integer)
2023-02-01T02:10:08.829+08:00 DEBUG 18448 --- [http-nio-8088-exec-9] c.e.g.s.m.U.getPermissionByUserId        : <==      Total: 14
2023-02-01T02:10:27.601+08:00 DEBUG 18448 --- [http-nio-8088-exec-1] c.e.g.s.mapper.UserMapper.login          : ==>  Preparing: SELECT * FROM users WHERE username=? AND password=?
2023-02-01T02:10:27.602+08:00 DEBUG 18448 --- [http-nio-8088-exec-1] c.e.g.s.mapper.UserMapper.login          : ==> Parameters: admin(String), 1234(String)
2023-02-01T02:10:27.603+08:00 DEBUG 18448 --- [http-nio-8088-exec-1] c.e.g.s.mapper.UserMapper.login          : <==      Total: 1
2023-02-01T02:10:27.637+08:00 DEBUG 18448 --- [http-nio-8088-exec-3] c.e.g.s.m.U.getPermissionByUserId        : ==>  Preparing: SELECT p.* FROM user_role ur,role_permission rp,permission p WHERE ur.role_id=rp.role_id AND rp.per_id=p.per_id AND ur.user_id=?
2023-02-01T02:10:27.637+08:00 DEBUG 18448 --- [http-nio-8088-exec-3] c.e.g.s.m.U.getPermissionByUserId        : ==> Parameters: 19001(Integer)
2023-02-01T02:10:27.639+08:00 DEBUG 18448 --- [http-nio-8088-exec-3] c.e.g.s.m.U.getPermissionByUserId        : <==      Total: 14
2023-02-01T02:15:04.398+08:00 DEBUG 18448 --- [http-nio-8088-exec-4] c.e.g.s.mapper.UserMapper.login          : ==>  Preparing: SELECT * FROM users WHERE username=? AND password=?
2023-02-01T02:15:04.398+08:00 DEBUG 18448 --- [http-nio-8088-exec-4] c.e.g.s.mapper.UserMapper.login          : ==> Parameters: admin(String), 1234(String)
2023-02-01T02:15:04.399+08:00 DEBUG 18448 --- [http-nio-8088-exec-4] c.e.g.s.mapper.UserMapper.login          : <==      Total: 1
2023-02-01T02:15:04.427+08:00 DEBUG 18448 --- [http-nio-8088-exec-8] c.e.g.s.m.U.getPermissionByUserId        : ==>  Preparing: SELECT p.* FROM user_role ur,role_permission rp,permission p WHERE ur.role_id=rp.role_id AND rp.per_id=p.per_id AND ur.user_id=?
2023-02-01T02:15:04.428+08:00 DEBUG 18448 --- [http-nio-8088-exec-8] c.e.g.s.m.U.getPermissionByUserId        : ==> Parameters: 19001(Integer)
2023-02-01T02:15:04.430+08:00 DEBUG 18448 --- [http-nio-8088-exec-8] c.e.g.s.m.U.getPermissionByUserId        : <==      Total: 14
2023-02-01T02:35:26.123+08:00 DEBUG 18448 --- [http-nio-8088-exec-6] c.e.g.s.mapper.UserMapper.login          : ==>  Preparing: SELECT * FROM users WHERE username=? AND password=?
2023-02-01T02:35:26.123+08:00 DEBUG 18448 --- [http-nio-8088-exec-6] c.e.g.s.mapper.UserMapper.login          : ==> Parameters: admin(String), 1234(String)
2023-02-01T02:35:26.126+08:00 DEBUG 18448 --- [http-nio-8088-exec-6] c.e.g.s.mapper.UserMapper.login          : <==      Total: 1
2023-02-01T02:35:26.168+08:00 DEBUG 18448 --- [http-nio-8088-exec-5] c.e.g.s.m.U.getPermissionByUserId        : ==>  Preparing: SELECT p.* FROM user_role ur,role_permission rp,permission p WHERE ur.role_id=rp.role_id AND rp.per_id=p.per_id AND ur.user_id=?
2023-02-01T02:35:26.169+08:00 DEBUG 18448 --- [http-nio-8088-exec-5] c.e.g.s.m.U.getPermissionByUserId        : ==> Parameters: 19001(Integer)
2023-02-01T02:35:26.173+08:00 DEBUG 18448 --- [http-nio-8088-exec-5] c.e.g.s.m.U.getPermissionByUserId        : <==      Total: 14
2023-02-01T02:37:25.199+08:00 DEBUG 18448 --- [http-nio-8088-exec-9] c.e.g.s.mapper.UserMapper.login          : ==>  Preparing: SELECT * FROM users WHERE username=? AND password=?
2023-02-01T02:37:25.200+08:00 DEBUG 18448 --- [http-nio-8088-exec-9] c.e.g.s.mapper.UserMapper.login          : ==> Parameters: admin(String), 1234(String)
2023-02-01T02:37:25.201+08:00 DEBUG 18448 --- [http-nio-8088-exec-9] c.e.g.s.mapper.UserMapper.login          : <==      Total: 1
2023-02-01T02:37:25.231+08:00 DEBUG 18448 --- [http-nio-8088-exec-1] c.e.g.s.m.U.getPermissionByUserId        : ==>  Preparing: SELECT p.* FROM user_role ur,role_permission rp,permission p WHERE ur.role_id=rp.role_id AND rp.per_id=p.per_id AND ur.user_id=?
2023-02-01T02:37:25.231+08:00 DEBUG 18448 --- [http-nio-8088-exec-1] c.e.g.s.m.U.getPermissionByUserId        : ==> Parameters: 19001(Integer)
2023-02-01T02:37:25.232+08:00 DEBUG 18448 --- [http-nio-8088-exec-1] c.e.g.s.m.U.getPermissionByUserId        : <==      Total: 14
2023-02-01T02:37:28.917+08:00 DEBUG 18448 --- [http-nio-8088-exec-3] c.e.g.s.mapper.UserMapper.login          : ==>  Preparing: SELECT * FROM users WHERE username=? AND password=?
2023-02-01T02:37:28.918+08:00 DEBUG 18448 --- [http-nio-8088-exec-3] c.e.g.s.mapper.UserMapper.login          : ==> Parameters: admin(String), 1234(String)
2023-02-01T02:37:28.918+08:00 DEBUG 18448 --- [http-nio-8088-exec-3] c.e.g.s.mapper.UserMapper.login          : <==      Total: 1
2023-02-01T02:37:28.948+08:00 DEBUG 18448 --- [http-nio-8088-exec-2] c.e.g.s.m.U.getPermissionByUserId        : ==>  Preparing: SELECT p.* FROM user_role ur,role_permission rp,permission p WHERE ur.role_id=rp.role_id AND rp.per_id=p.per_id AND ur.user_id=?
2023-02-01T02:37:28.949+08:00 DEBUG 18448 --- [http-nio-8088-exec-2] c.e.g.s.m.U.getPermissionByUserId        : ==> Parameters: 19001(Integer)
2023-02-01T02:37:28.950+08:00 DEBUG 18448 --- [http-nio-8088-exec-2] c.e.g.s.m.U.getPermissionByUserId        : <==      Total: 14
2023-02-01T02:37:41.285+08:00 DEBUG 18448 --- [http-nio-8088-exec-4] c.e.g.s.mapper.UserMapper.login          : ==>  Preparing: SELECT * FROM users WHERE username=? AND password=?
2023-02-01T02:37:41.285+08:00 DEBUG 18448 --- [http-nio-8088-exec-4] c.e.g.s.mapper.UserMapper.login          : ==> Parameters: admin(String), 1234(String)
2023-02-01T02:37:41.286+08:00 DEBUG 18448 --- [http-nio-8088-exec-4] c.e.g.s.mapper.UserMapper.login          : <==      Total: 1
2023-02-01T02:37:41.314+08:00 DEBUG 18448 --- [http-nio-8088-exec-8] c.e.g.s.m.U.getPermissionByUserId        : ==>  Preparing: SELECT p.* FROM user_role ur,role_permission rp,permission p WHERE ur.role_id=rp.role_id AND rp.per_id=p.per_id AND ur.user_id=?
2023-02-01T02:37:41.314+08:00 DEBUG 18448 --- [http-nio-8088-exec-8] c.e.g.s.m.U.getPermissionByUserId        : ==> Parameters: 19001(Integer)
2023-02-01T02:37:41.316+08:00 DEBUG 18448 --- [http-nio-8088-exec-8] c.e.g.s.m.U.getPermissionByUserId        : <==      Total: 14
2023-02-01T02:41:34.056+08:00 DEBUG 18448 --- [http-nio-8088-exec-6] c.e.g.s.m.U.getPermissionByUserId        : ==>  Preparing: SELECT p.* FROM user_role ur,role_permission rp,permission p WHERE ur.role_id=rp.role_id AND rp.per_id=p.per_id AND ur.user_id=?
2023-02-01T02:41:34.057+08:00 DEBUG 18448 --- [http-nio-8088-exec-6] c.e.g.s.m.U.getPermissionByUserId        : ==> Parameters: 19001(Integer)
2023-02-01T02:41:34.059+08:00 DEBUG 18448 --- [http-nio-8088-exec-6] c.e.g.s.m.U.getPermissionByUserId        : <==      Total: 14
2023-02-01T02:41:36.477+08:00 DEBUG 18448 --- [http-nio-8088-exec-5] c.e.g.s.m.U.getPermissionByUserId        : ==>  Preparing: SELECT p.* FROM user_role ur,role_permission rp,permission p WHERE ur.role_id=rp.role_id AND rp.per_id=p.per_id AND ur.user_id=?
2023-02-01T02:41:36.478+08:00 DEBUG 18448 --- [http-nio-8088-exec-5] c.e.g.s.m.U.getPermissionByUserId        : ==> Parameters: 19001(Integer)
2023-02-01T02:41:36.479+08:00 DEBUG 18448 --- [http-nio-8088-exec-5] c.e.g.s.m.U.getPermissionByUserId        : <==      Total: 14
2023-02-01T03:22:26.025+08:00 DEBUG 18448 --- [http-nio-8088-exec-1] c.e.g.s.mapper.UserMapper.login          : ==>  Preparing: SELECT * FROM users WHERE username=? AND password=?
2023-02-01T03:22:26.028+08:00 DEBUG 18448 --- [http-nio-8088-exec-1] c.e.g.s.mapper.UserMapper.login          : ==> Parameters: admin(String), 1234(String)
2023-02-01T03:22:26.034+08:00 DEBUG 18448 --- [http-nio-8088-exec-1] c.e.g.s.mapper.UserMapper.login          : <==      Total: 1
2023-02-01T03:22:26.128+08:00 DEBUG 18448 --- [http-nio-8088-exec-3] c.e.g.s.m.U.getPermissionByUserId        : ==>  Preparing: SELECT p.* FROM user_role ur,role_permission rp,permission p WHERE ur.role_id=rp.role_id AND rp.per_id=p.per_id AND ur.user_id=?
2023-02-01T03:22:26.129+08:00 DEBUG 18448 --- [http-nio-8088-exec-3] c.e.g.s.m.U.getPermissionByUserId        : ==> Parameters: 19001(Integer)
2023-02-01T03:22:26.137+08:00 DEBUG 18448 --- [http-nio-8088-exec-3] c.e.g.s.m.U.getPermissionByUserId        : <==      Total: 14
2023-02-01T03:23:42.350+08:00 DEBUG 18448 --- [http-nio-8088-exec-4] c.e.g.s.mapper.UserMapper.login          : ==>  Preparing: SELECT * FROM users WHERE username=? AND password=?
2023-02-01T03:23:42.351+08:00 DEBUG 18448 --- [http-nio-8088-exec-4] c.e.g.s.mapper.UserMapper.login          : ==> Parameters: admin(String), 1234(String)
2023-02-01T03:23:42.352+08:00 DEBUG 18448 --- [http-nio-8088-exec-4] c.e.g.s.mapper.UserMapper.login          : <==      Total: 1
2023-02-01T03:23:42.392+08:00 DEBUG 18448 --- [http-nio-8088-exec-8] c.e.g.s.m.U.getPermissionByUserId        : ==>  Preparing: SELECT p.* FROM user_role ur,role_permission rp,permission p WHERE ur.role_id=rp.role_id AND rp.per_id=p.per_id AND ur.user_id=?
2023-02-01T03:23:42.393+08:00 DEBUG 18448 --- [http-nio-8088-exec-8] c.e.g.s.m.U.getPermissionByUserId        : ==> Parameters: 19001(Integer)
2023-02-01T03:23:42.394+08:00 DEBUG 18448 --- [http-nio-8088-exec-8] c.e.g.s.m.U.getPermissionByUserId        : <==      Total: 14
2023-02-01T03:23:57.024+08:00 DEBUG 18448 --- [http-nio-8088-exec-7] c.e.g.s.mapper.UserMapper.login          : ==>  Preparing: SELECT * FROM users WHERE username=? AND password=?
2023-02-01T03:23:57.024+08:00 DEBUG 18448 --- [http-nio-8088-exec-7] c.e.g.s.mapper.UserMapper.login          : ==> Parameters: admin(String), U2FsdGVkX1+pKR75/lJqYczwhKJwLEXGQsFSXgw1FBM=(String)
2023-02-01T03:23:57.026+08:00 DEBUG 18448 --- [http-nio-8088-exec-7] c.e.g.s.mapper.UserMapper.login          : <==      Total: 0
2023-02-01T03:25:35.490+08:00 DEBUG 18448 --- [http-nio-8088-exec-5] c.e.g.s.mapper.UserMapper.login          : ==>  Preparing: SELECT * FROM users WHERE username=? AND password=?
2023-02-01T03:25:35.490+08:00 DEBUG 18448 --- [http-nio-8088-exec-5] c.e.g.s.mapper.UserMapper.login          : ==> Parameters: admin(String), U2FsdGVkX1+pKR75/lJqYczwhKJwLEXGQsFSXgw1FBM=(String)
2023-02-01T03:25:35.491+08:00 DEBUG 18448 --- [http-nio-8088-exec-5] c.e.g.s.mapper.UserMapper.login          : <==      Total: 0
2023-02-01T03:25:43.350+08:00 DEBUG 18448 --- [http-nio-8088-exec-10] c.e.g.s.mapper.UserMapper.login          : ==>  Preparing: SELECT * FROM users WHERE username=? AND password=?
2023-02-01T03:25:43.351+08:00 DEBUG 18448 --- [http-nio-8088-exec-10] c.e.g.s.mapper.UserMapper.login          : ==> Parameters: admin(String), 1234(String)
2023-02-01T03:25:43.352+08:00 DEBUG 18448 --- [http-nio-8088-exec-10] c.e.g.s.mapper.UserMapper.login          : <==      Total: 1
2023-02-01T03:25:43.414+08:00 DEBUG 18448 --- [http-nio-8088-exec-9] c.e.g.s.m.U.getPermissionByUserId        : ==>  Preparing: SELECT p.* FROM user_role ur,role_permission rp,permission p WHERE ur.role_id=rp.role_id AND rp.per_id=p.per_id AND ur.user_id=?
2023-02-01T03:25:43.415+08:00 DEBUG 18448 --- [http-nio-8088-exec-9] c.e.g.s.m.U.getPermissionByUserId        : ==> Parameters: 19001(Integer)
2023-02-01T03:25:43.417+08:00 DEBUG 18448 --- [http-nio-8088-exec-9] c.e.g.s.m.U.getPermissionByUserId        : <==      Total: 14
2023-02-01T03:27:28.125+08:00 DEBUG 18448 --- [http-nio-8088-exec-3] c.e.g.s.mapper.UserMapper.login          : ==>  Preparing: SELECT * FROM users WHERE username=? AND password=?
2023-02-01T03:27:28.126+08:00 DEBUG 18448 --- [http-nio-8088-exec-3] c.e.g.s.mapper.UserMapper.login          : ==> Parameters: admin(String), 1234(String)
2023-02-01T03:27:28.127+08:00 DEBUG 18448 --- [http-nio-8088-exec-3] c.e.g.s.mapper.UserMapper.login          : <==      Total: 1
2023-02-01T03:27:28.158+08:00 DEBUG 18448 --- [http-nio-8088-exec-2] c.e.g.s.m.U.getPermissionByUserId        : ==>  Preparing: SELECT p.* FROM user_role ur,role_permission rp,permission p WHERE ur.role_id=rp.role_id AND rp.per_id=p.per_id AND ur.user_id=?
2023-02-01T03:27:28.159+08:00 DEBUG 18448 --- [http-nio-8088-exec-2] c.e.g.s.m.U.getPermissionByUserId        : ==> Parameters: 19001(Integer)
2023-02-01T03:27:28.160+08:00 DEBUG 18448 --- [http-nio-8088-exec-2] c.e.g.s.m.U.getPermissionByUserId        : <==      Total: 14
2023-02-01T03:27:41.218+08:00 DEBUG 18448 --- [http-nio-8088-exec-4] c.e.g.s.mapper.UserMapper.login          : ==>  Preparing: SELECT * FROM users WHERE username=? AND password=?
2023-02-01T03:27:41.219+08:00 DEBUG 18448 --- [http-nio-8088-exec-4] c.e.g.s.mapper.UserMapper.login          : ==> Parameters: admin(String), 1234(String)
2023-02-01T03:27:41.220+08:00 DEBUG 18448 --- [http-nio-8088-exec-4] c.e.g.s.mapper.UserMapper.login          : <==      Total: 1
2023-02-01T03:27:41.249+08:00 DEBUG 18448 --- [http-nio-8088-exec-8] c.e.g.s.m.U.getPermissionByUserId        : ==>  Preparing: SELECT p.* FROM user_role ur,role_permission rp,permission p WHERE ur.role_id=rp.role_id AND rp.per_id=p.per_id AND ur.user_id=?
2023-02-01T03:27:41.250+08:00 DEBUG 18448 --- [http-nio-8088-exec-8] c.e.g.s.m.U.getPermissionByUserId        : ==> Parameters: 19001(Integer)
2023-02-01T03:27:41.251+08:00 DEBUG 18448 --- [http-nio-8088-exec-8] c.e.g.s.m.U.getPermissionByUserId        : <==      Total: 14
2023-02-01T03:28:30.031+08:00 DEBUG 18448 --- [http-nio-8088-exec-7] c.e.g.s.mapper.UserMapper.login          : ==>  Preparing: SELECT * FROM users WHERE username=? AND password=?
2023-02-01T03:28:30.031+08:00 DEBUG 18448 --- [http-nio-8088-exec-7] c.e.g.s.mapper.UserMapper.login          : ==> Parameters: admin(String), 1234(String)
2023-02-01T03:28:30.032+08:00 DEBUG 18448 --- [http-nio-8088-exec-7] c.e.g.s.mapper.UserMapper.login          : <==      Total: 1
2023-02-01T03:28:30.075+08:00 DEBUG 18448 --- [http-nio-8088-exec-6] c.e.g.s.m.U.getPermissionByUserId        : ==>  Preparing: SELECT p.* FROM user_role ur,role_permission rp,permission p WHERE ur.role_id=rp.role_id AND rp.per_id=p.per_id AND ur.user_id=?
2023-02-01T03:28:30.076+08:00 DEBUG 18448 --- [http-nio-8088-exec-6] c.e.g.s.m.U.getPermissionByUserId        : ==> Parameters: 19001(Integer)
2023-02-01T03:28:30.078+08:00 DEBUG 18448 --- [http-nio-8088-exec-6] c.e.g.s.m.U.getPermissionByUserId        : <==      Total: 14
2023-02-01T03:28:41.783+08:00 DEBUG 18448 --- [http-nio-8088-exec-5] c.e.g.s.mapper.UserMapper.login          : ==>  Preparing: SELECT * FROM users WHERE username=? AND password=?
2023-02-01T03:28:41.783+08:00 DEBUG 18448 --- [http-nio-8088-exec-5] c.e.g.s.mapper.UserMapper.login          : ==> Parameters: admin(String), 123323254(String)
2023-02-01T03:28:41.784+08:00 DEBUG 18448 --- [http-nio-8088-exec-5] c.e.g.s.mapper.UserMapper.login          : <==      Total: 0
2023-02-01T03:28:43.688+08:00 DEBUG 18448 --- [http-nio-8088-exec-10] c.e.g.s.mapper.UserMapper.login          : ==>  Preparing: SELECT * FROM users WHERE username=? AND password=?
2023-02-01T03:28:43.688+08:00 DEBUG 18448 --- [http-nio-8088-exec-10] c.e.g.s.mapper.UserMapper.login          : ==> Parameters: admin(String), 123323254(String)
2023-02-01T03:28:43.689+08:00 DEBUG 18448 --- [http-nio-8088-exec-10] c.e.g.s.mapper.UserMapper.login          : <==      Total: 0
2023-02-01T03:30:20.212+08:00 DEBUG 18448 --- [http-nio-8088-exec-1] c.e.g.s.mapper.UserMapper.login          : ==>  Preparing: SELECT * FROM users WHERE username=? AND password=?
2023-02-01T03:30:20.212+08:00 DEBUG 18448 --- [http-nio-8088-exec-1] c.e.g.s.mapper.UserMapper.login          : ==> Parameters: admin(String), 1234(String)
2023-02-01T03:30:20.213+08:00 DEBUG 18448 --- [http-nio-8088-exec-1] c.e.g.s.mapper.UserMapper.login          : <==      Total: 1
2023-02-01T03:30:20.257+08:00 DEBUG 18448 --- [http-nio-8088-exec-3] c.e.g.s.m.U.getPermissionByUserId        : ==>  Preparing: SELECT p.* FROM user_role ur,role_permission rp,permission p WHERE ur.role_id=rp.role_id AND rp.per_id=p.per_id AND ur.user_id=?
2023-02-01T03:30:20.258+08:00 DEBUG 18448 --- [http-nio-8088-exec-3] c.e.g.s.m.U.getPermissionByUserId        : ==> Parameters: 19001(Integer)
2023-02-01T03:30:20.260+08:00 DEBUG 18448 --- [http-nio-8088-exec-3] c.e.g.s.m.U.getPermissionByUserId        : <==      Total: 14
2023-02-01T03:30:31.229+08:00 DEBUG 18448 --- [http-nio-8088-exec-2] c.e.g.s.mapper.UserMapper.login          : ==>  Preparing: SELECT * FROM users WHERE username=? AND password=?
2023-02-01T03:30:31.229+08:00 DEBUG 18448 --- [http-nio-8088-exec-2] c.e.g.s.mapper.UserMapper.login          : ==> Parameters: admin(String), 12346(String)
2023-02-01T03:30:31.230+08:00 DEBUG 18448 --- [http-nio-8088-exec-2] c.e.g.s.mapper.UserMapper.login          : <==      Total: 0
2023-02-01T03:30:52.111+08:00 DEBUG 18448 --- [http-nio-8088-exec-4] c.e.g.s.mapper.UserMapper.login          : ==>  Preparing: SELECT * FROM users WHERE username=? AND password=?
2023-02-01T03:30:52.111+08:00 DEBUG 18448 --- [http-nio-8088-exec-4] c.e.g.s.mapper.UserMapper.login          : ==> Parameters: admin(String), 12346(String)
2023-02-01T03:30:52.113+08:00 DEBUG 18448 --- [http-nio-8088-exec-4] c.e.g.s.mapper.UserMapper.login          : <==      Total: 0
2023-02-01T03:30:55.692+08:00 DEBUG 18448 --- [http-nio-8088-exec-8] c.e.g.s.mapper.UserMapper.login          : ==>  Preparing: SELECT * FROM users WHERE username=? AND password=?
2023-02-01T03:30:55.692+08:00 DEBUG 18448 --- [http-nio-8088-exec-8] c.e.g.s.mapper.UserMapper.login          : ==> Parameters: admin(String), 1234(String)
2023-02-01T03:30:55.694+08:00 DEBUG 18448 --- [http-nio-8088-exec-8] c.e.g.s.mapper.UserMapper.login          : <==      Total: 1
2023-02-01T03:30:55.735+08:00 DEBUG 18448 --- [http-nio-8088-exec-7] c.e.g.s.m.U.getPermissionByUserId        : ==>  Preparing: SELECT p.* FROM user_role ur,role_permission rp,permission p WHERE ur.role_id=rp.role_id AND rp.per_id=p.per_id AND ur.user_id=?
2023-02-01T03:30:55.735+08:00 DEBUG 18448 --- [http-nio-8088-exec-7] c.e.g.s.m.U.getPermissionByUserId        : ==> Parameters: 19001(Integer)
2023-02-01T03:30:55.737+08:00 DEBUG 18448 --- [http-nio-8088-exec-7] c.e.g.s.m.U.getPermissionByUserId        : <==      Total: 14
2023-02-01T03:31:04.229+08:00 DEBUG 18448 --- [http-nio-8088-exec-6] c.e.g.s.mapper.UserMapper.login          : ==>  Preparing: SELECT * FROM users WHERE username=? AND password=?
2023-02-01T03:31:04.229+08:00 DEBUG 18448 --- [http-nio-8088-exec-6] c.e.g.s.mapper.UserMapper.login          : ==> Parameters: admin(String), 1234(String)
2023-02-01T03:31:04.230+08:00 DEBUG 18448 --- [http-nio-8088-exec-6] c.e.g.s.mapper.UserMapper.login          : <==      Total: 1
2023-02-01T03:31:04.256+08:00 DEBUG 18448 --- [http-nio-8088-exec-5] c.e.g.s.m.U.getPermissionByUserId        : ==>  Preparing: SELECT p.* FROM user_role ur,role_permission rp,permission p WHERE ur.role_id=rp.role_id AND rp.per_id=p.per_id AND ur.user_id=?
2023-02-01T03:31:04.257+08:00 DEBUG 18448 --- [http-nio-8088-exec-5] c.e.g.s.m.U.getPermissionByUserId        : ==> Parameters: 19001(Integer)
2023-02-01T03:31:04.258+08:00 DEBUG 18448 --- [http-nio-8088-exec-5] c.e.g.s.m.U.getPermissionByUserId        : <==      Total: 14
2023-02-01T03:31:54.370+08:00 DEBUG 18448 --- [http-nio-8088-exec-10] c.e.g.s.mapper.UserMapper.login          : ==>  Preparing: SELECT * FROM users WHERE username=? AND password=?
2023-02-01T03:31:54.370+08:00 DEBUG 18448 --- [http-nio-8088-exec-10] c.e.g.s.mapper.UserMapper.login          : ==> Parameters: admin(String), 1234(String)
2023-02-01T03:31:54.371+08:00 DEBUG 18448 --- [http-nio-8088-exec-10] c.e.g.s.mapper.UserMapper.login          : <==      Total: 1
2023-02-01T03:31:54.397+08:00 DEBUG 18448 --- [http-nio-8088-exec-9] c.e.g.s.m.U.getPermissionByUserId        : ==>  Preparing: SELECT p.* FROM user_role ur,role_permission rp,permission p WHERE ur.role_id=rp.role_id AND rp.per_id=p.per_id AND ur.user_id=?
2023-02-01T03:31:54.397+08:00 DEBUG 18448 --- [http-nio-8088-exec-9] c.e.g.s.m.U.getPermissionByUserId        : ==> Parameters: 19001(Integer)
2023-02-01T03:31:54.399+08:00 DEBUG 18448 --- [http-nio-8088-exec-9] c.e.g.s.m.U.getPermissionByUserId        : <==      Total: 14
2023-02-01T03:50:19.935+08:00 DEBUG 18448 --- [http-nio-8088-exec-3] c.e.g.s.mapper.UserMapper.login          : ==>  Preparing: SELECT * FROM users WHERE username=? AND password=?
2023-02-01T03:50:19.935+08:00 DEBUG 18448 --- [http-nio-8088-exec-3] c.e.g.s.mapper.UserMapper.login          : ==> Parameters: admin(String), 1234(String)
2023-02-01T03:50:19.939+08:00 DEBUG 18448 --- [http-nio-8088-exec-3] c.e.g.s.mapper.UserMapper.login          : <==      Total: 1
2023-02-01T03:50:19.995+08:00 DEBUG 18448 --- [http-nio-8088-exec-2] c.e.g.s.m.U.getPermissionByUserId        : ==>  Preparing: SELECT p.* FROM user_role ur,role_permission rp,permission p WHERE ur.role_id=rp.role_id AND rp.per_id=p.per_id AND ur.user_id=?
2023-02-01T03:50:19.996+08:00 DEBUG 18448 --- [http-nio-8088-exec-2] c.e.g.s.m.U.getPermissionByUserId        : ==> Parameters: 19001(Integer)
2023-02-01T03:50:20.001+08:00 DEBUG 18448 --- [http-nio-8088-exec-2] c.e.g.s.m.U.getPermissionByUserId        : <==      Total: 14
2023-02-01T04:00:38.729+08:00 DEBUG 18448 --- [http-nio-8088-exec-8] c.e.g.s.mapper.UserMapper.login          : ==>  Preparing: SELECT * FROM users WHERE username=? AND password=?
2023-02-01T04:00:38.729+08:00 DEBUG 18448 --- [http-nio-8088-exec-8] c.e.g.s.mapper.UserMapper.login          : ==> Parameters: admin(String), 1234(String)
2023-02-01T04:00:38.730+08:00 DEBUG 18448 --- [http-nio-8088-exec-8] c.e.g.s.mapper.UserMapper.login          : <==      Total: 1
2023-02-01T04:00:38.762+08:00 DEBUG 18448 --- [http-nio-8088-exec-7] c.e.g.s.m.U.getPermissionByUserId        : ==>  Preparing: SELECT p.* FROM user_role ur,role_permission rp,permission p WHERE ur.role_id=rp.role_id AND rp.per_id=p.per_id AND ur.user_id=?
2023-02-01T04:00:38.763+08:00 DEBUG 18448 --- [http-nio-8088-exec-7] c.e.g.s.m.U.getPermissionByUserId        : ==> Parameters: 19001(Integer)
2023-02-01T04:00:38.764+08:00 DEBUG 18448 --- [http-nio-8088-exec-7] c.e.g.s.m.U.getPermissionByUserId        : <==      Total: 14
2023-02-01T04:08:05.647+08:00 DEBUG 18448 --- [http-nio-8088-exec-5] c.e.g.s.mapper.UserMapper.login          : ==>  Preparing: SELECT * FROM users WHERE username=? AND password=?
2023-02-01T04:08:05.647+08:00 DEBUG 18448 --- [http-nio-8088-exec-5] c.e.g.s.mapper.UserMapper.login          : ==> Parameters: admin(String), 12344(String)
2023-02-01T04:08:05.649+08:00 DEBUG 18448 --- [http-nio-8088-exec-5] c.e.g.s.mapper.UserMapper.login          : <==      Total: 0
2023-02-01T04:08:19.920+08:00 DEBUG 18448 --- [http-nio-8088-exec-10] c.e.g.s.mapper.UserMapper.login          : ==>  Preparing: SELECT * FROM users WHERE username=? AND password=?
2023-02-01T04:08:19.920+08:00 DEBUG 18448 --- [http-nio-8088-exec-10] c.e.g.s.mapper.UserMapper.login          : ==> Parameters: admin(String), 1234(String)
2023-02-01T04:08:19.921+08:00 DEBUG 18448 --- [http-nio-8088-exec-10] c.e.g.s.mapper.UserMapper.login          : <==      Total: 1
2023-02-01T04:08:19.952+08:00 DEBUG 18448 --- [http-nio-8088-exec-9] c.e.g.s.m.U.getPermissionByUserId        : ==>  Preparing: SELECT p.* FROM user_role ur,role_permission rp,permission p WHERE ur.role_id=rp.role_id AND rp.per_id=p.per_id AND ur.user_id=?
2023-02-01T04:08:19.952+08:00 DEBUG 18448 --- [http-nio-8088-exec-9] c.e.g.s.m.U.getPermissionByUserId        : ==> Parameters: 19001(Integer)
2023-02-01T04:08:19.954+08:00 DEBUG 18448 --- [http-nio-8088-exec-9] c.e.g.s.m.U.getPermissionByUserId        : <==      Total: 14
2023-02-01T04:08:59.901+08:00 DEBUG 18448 --- [http-nio-8088-exec-1] c.e.g.s.mapper.UserMapper.login          : ==>  Preparing: SELECT * FROM users WHERE username=? AND password=?
2023-02-01T04:08:59.901+08:00 DEBUG 18448 --- [http-nio-8088-exec-1] c.e.g.s.mapper.UserMapper.login          : ==> Parameters: admin(String), 1234(String)
2023-02-01T04:08:59.903+08:00 DEBUG 18448 --- [http-nio-8088-exec-1] c.e.g.s.mapper.UserMapper.login          : <==      Total: 1
2023-02-01T04:08:59.960+08:00 DEBUG 18448 --- [http-nio-8088-exec-3] c.e.g.s.m.U.getPermissionByUserId        : ==>  Preparing: SELECT p.* FROM user_role ur,role_permission rp,permission p WHERE ur.role_id=rp.role_id AND rp.per_id=p.per_id AND ur.user_id=?
2023-02-01T04:08:59.960+08:00 DEBUG 18448 --- [http-nio-8088-exec-3] c.e.g.s.m.U.getPermissionByUserId        : ==> Parameters: 19001(Integer)
2023-02-01T04:08:59.961+08:00 DEBUG 18448 --- [http-nio-8088-exec-3] c.e.g.s.m.U.getPermissionByUserId        : <==      Total: 14
2023-02-01T04:09:17.209+08:00 DEBUG 18448 --- [http-nio-8088-exec-2] c.e.g.s.mapper.UserMapper.login          : ==>  Preparing: SELECT * FROM users WHERE username=? AND password=?
2023-02-01T04:09:17.209+08:00 DEBUG 18448 --- [http-nio-8088-exec-2] c.e.g.s.mapper.UserMapper.login          : ==> Parameters: admin(String), 1234(String)
2023-02-01T04:09:17.210+08:00 DEBUG 18448 --- [http-nio-8088-exec-2] c.e.g.s.mapper.UserMapper.login          : <==      Total: 1
2023-02-01T04:09:17.245+08:00 DEBUG 18448 --- [http-nio-8088-exec-4] c.e.g.s.m.U.getPermissionByUserId        : ==>  Preparing: SELECT p.* FROM user_role ur,role_permission rp,permission p WHERE ur.role_id=rp.role_id AND rp.per_id=p.per_id AND ur.user_id=?
2023-02-01T04:09:17.246+08:00 DEBUG 18448 --- [http-nio-8088-exec-4] c.e.g.s.m.U.getPermissionByUserId        : ==> Parameters: 19001(Integer)
2023-02-01T04:09:17.247+08:00 DEBUG 18448 --- [http-nio-8088-exec-4] c.e.g.s.m.U.getPermissionByUserId        : <==      Total: 14
2023-02-01T04:10:01.682+08:00 DEBUG 18448 --- [http-nio-8088-exec-8] c.e.g.s.mapper.UserMapper.login          : ==>  Preparing: SELECT * FROM users WHERE username=? AND password=?
2023-02-01T04:10:01.683+08:00 DEBUG 18448 --- [http-nio-8088-exec-8] c.e.g.s.mapper.UserMapper.login          : ==> Parameters: admin(String), 1234(String)
2023-02-01T04:10:01.684+08:00 DEBUG 18448 --- [http-nio-8088-exec-8] c.e.g.s.mapper.UserMapper.login          : <==      Total: 1
2023-02-01T04:10:01.720+08:00 DEBUG 18448 --- [http-nio-8088-exec-7] c.e.g.s.m.U.getPermissionByUserId        : ==>  Preparing: SELECT p.* FROM user_role ur,role_permission rp,permission p WHERE ur.role_id=rp.role_id AND rp.per_id=p.per_id AND ur.user_id=?
2023-02-01T04:10:01.720+08:00 DEBUG 18448 --- [http-nio-8088-exec-7] c.e.g.s.m.U.getPermissionByUserId        : ==> Parameters: 19001(Integer)
2023-02-01T04:10:01.721+08:00 DEBUG 18448 --- [http-nio-8088-exec-7] c.e.g.s.m.U.getPermissionByUserId        : <==      Total: 14
2023-02-01T04:10:12.251+08:00 DEBUG 18448 --- [http-nio-8088-exec-6] c.e.g.s.mapper.UserMapper.login          : ==>  Preparing: SELECT * FROM users WHERE username=? AND password=?
2023-02-01T04:10:12.252+08:00 DEBUG 18448 --- [http-nio-8088-exec-6] c.e.g.s.mapper.UserMapper.login          : ==> Parameters: admin1(String), 1234(String)
2023-02-01T04:10:12.252+08:00 DEBUG 18448 --- [http-nio-8088-exec-6] c.e.g.s.mapper.UserMapper.login          : <==      Total: 0
2023-02-01T04:10:25.102+08:00 DEBUG 18448 --- [http-nio-8088-exec-5] c.e.g.s.mapper.UserMapper.login          : ==>  Preparing: SELECT * FROM users WHERE username=? AND password=?
2023-02-01T04:10:25.102+08:00 DEBUG 18448 --- [http-nio-8088-exec-5] c.e.g.s.mapper.UserMapper.login          : ==> Parameters: normal(String), 123456(String)
2023-02-01T04:10:25.105+08:00 DEBUG 18448 --- [http-nio-8088-exec-5] c.e.g.s.mapper.UserMapper.login          : <==      Total: 1
2023-02-01T04:10:25.142+08:00 DEBUG 18448 --- [http-nio-8088-exec-10] c.e.g.s.m.U.getPermissionByUserId        : ==>  Preparing: SELECT p.* FROM user_role ur,role_permission rp,permission p WHERE ur.role_id=rp.role_id AND rp.per_id=p.per_id AND ur.user_id=?
2023-02-01T04:10:25.143+08:00 DEBUG 18448 --- [http-nio-8088-exec-10] c.e.g.s.m.U.getPermissionByUserId        : ==> Parameters: 19002(Integer)
2023-02-01T04:10:25.144+08:00 DEBUG 18448 --- [http-nio-8088-exec-10] c.e.g.s.m.U.getPermissionByUserId        : <==      Total: 8
2023-02-01T04:10:42.025+08:00 DEBUG 18448 --- [http-nio-8088-exec-9] c.e.g.s.mapper.UserMapper.login          : ==>  Preparing: SELECT * FROM users WHERE username=? AND password=?
2023-02-01T04:10:42.025+08:00 DEBUG 18448 --- [http-nio-8088-exec-9] c.e.g.s.mapper.UserMapper.login          : ==> Parameters: normal(String), 123456(String)
2023-02-01T04:10:42.026+08:00 DEBUG 18448 --- [http-nio-8088-exec-9] c.e.g.s.mapper.UserMapper.login          : <==      Total: 1
2023-02-01T04:10:42.068+08:00 DEBUG 18448 --- [http-nio-8088-exec-1] c.e.g.s.m.U.getPermissionByUserId        : ==>  Preparing: SELECT p.* FROM user_role ur,role_permission rp,permission p WHERE ur.role_id=rp.role_id AND rp.per_id=p.per_id AND ur.user_id=?
2023-02-01T04:10:42.069+08:00 DEBUG 18448 --- [http-nio-8088-exec-1] c.e.g.s.m.U.getPermissionByUserId        : ==> Parameters: 19002(Integer)
2023-02-01T04:10:42.070+08:00 DEBUG 18448 --- [http-nio-8088-exec-1] c.e.g.s.m.U.getPermissionByUserId        : <==      Total: 8
2023-02-01T04:10:45.126+08:00 DEBUG 18448 --- [http-nio-8088-exec-3] c.e.g.s.m.U.getPermissionByUserId        : ==>  Preparing: SELECT p.* FROM user_role ur,role_permission rp,permission p WHERE ur.role_id=rp.role_id AND rp.per_id=p.per_id AND ur.user_id=?
2023-02-01T04:10:45.126+08:00 DEBUG 18448 --- [http-nio-8088-exec-3] c.e.g.s.m.U.getPermissionByUserId        : ==> Parameters: 19002(Integer)
2023-02-01T04:10:45.128+08:00 DEBUG 18448 --- [http-nio-8088-exec-3] c.e.g.s.m.U.getPermissionByUserId        : <==      Total: 8
2023-02-01T04:10:47.762+08:00 DEBUG 18448 --- [http-nio-8088-exec-2] c.e.g.s.m.U.getPermissionByUserId        : ==>  Preparing: SELECT p.* FROM user_role ur,role_permission rp,permission p WHERE ur.role_id=rp.role_id AND rp.per_id=p.per_id AND ur.user_id=?
2023-02-01T04:10:47.763+08:00 DEBUG 18448 --- [http-nio-8088-exec-2] c.e.g.s.m.U.getPermissionByUserId        : ==> Parameters: 19002(Integer)
2023-02-01T04:10:47.764+08:00 DEBUG 18448 --- [http-nio-8088-exec-2] c.e.g.s.m.U.getPermissionByUserId        : <==      Total: 8
2023-02-01T04:11:17.661+08:00 DEBUG 18448 --- [http-nio-8088-exec-4] c.e.g.s.mapper.UserMapper.login          : ==>  Preparing: SELECT * FROM users WHERE username=? AND password=?
2023-02-01T04:11:17.662+08:00 DEBUG 18448 --- [http-nio-8088-exec-4] c.e.g.s.mapper.UserMapper.login          : ==> Parameters: lisi(String), abcd(String)
2023-02-01T04:11:17.662+08:00 DEBUG 18448 --- [http-nio-8088-exec-4] c.e.g.s.mapper.UserMapper.login          : <==      Total: 1
2023-02-01T04:11:17.683+08:00 DEBUG 18448 --- [http-nio-8088-exec-8] c.e.g.s.m.U.getPermissionByUserId        : ==>  Preparing: SELECT p.* FROM user_role ur,role_permission rp,permission p WHERE ur.role_id=rp.role_id AND rp.per_id=p.per_id AND ur.user_id=?
2023-02-01T04:11:17.684+08:00 DEBUG 18448 --- [http-nio-8088-exec-8] c.e.g.s.m.U.getPermissionByUserId        : ==> Parameters: 19003(Integer)
2023-02-01T04:11:17.685+08:00 DEBUG 18448 --- [http-nio-8088-exec-8] c.e.g.s.m.U.getPermissionByUserId        : <==      Total: 8
2023-02-01T04:11:30.782+08:00 DEBUG 18448 --- [http-nio-8088-exec-7] c.e.g.s.mapper.UserMapper.login          : ==>  Preparing: SELECT * FROM users WHERE username=? AND password=?
2023-02-01T04:11:30.782+08:00 DEBUG 18448 --- [http-nio-8088-exec-7] c.e.g.s.mapper.UserMapper.login          : ==> Parameters: lisi(String), abcd(String)
2023-02-01T04:11:30.782+08:00 DEBUG 18448 --- [http-nio-8088-exec-7] c.e.g.s.mapper.UserMapper.login          : <==      Total: 1
2023-02-01T04:11:30.816+08:00 DEBUG 18448 --- [http-nio-8088-exec-6] c.e.g.s.m.U.getPermissionByUserId        : ==>  Preparing: SELECT p.* FROM user_role ur,role_permission rp,permission p WHERE ur.role_id=rp.role_id AND rp.per_id=p.per_id AND ur.user_id=?
2023-02-01T04:11:30.817+08:00 DEBUG 18448 --- [http-nio-8088-exec-6] c.e.g.s.m.U.getPermissionByUserId        : ==> Parameters: 19003(Integer)
2023-02-01T04:11:30.818+08:00 DEBUG 18448 --- [http-nio-8088-exec-6] c.e.g.s.m.U.getPermissionByUserId        : <==      Total: 8
2023-02-01T04:11:47.026+08:00 DEBUG 18448 --- [http-nio-8088-exec-5] c.e.g.s.m.U.getPermissionByUserId        : ==>  Preparing: SELECT p.* FROM user_role ur,role_permission rp,permission p WHERE ur.role_id=rp.role_id AND rp.per_id=p.per_id AND ur.user_id=?
2023-02-01T04:11:47.027+08:00 DEBUG 18448 --- [http-nio-8088-exec-5] c.e.g.s.m.U.getPermissionByUserId        : ==> Parameters: 19003(Integer)
2023-02-01T04:11:47.029+08:00 DEBUG 18448 --- [http-nio-8088-exec-5] c.e.g.s.m.U.getPermissionByUserId        : <==      Total: 8
2023-02-01T04:12:23.690+08:00 DEBUG 18448 --- [http-nio-8088-exec-10] c.e.g.s.mapper.UserMapper.login          : ==>  Preparing: SELECT * FROM users WHERE username=? AND password=?
2023-02-01T04:12:23.691+08:00 DEBUG 18448 --- [http-nio-8088-exec-10] c.e.g.s.mapper.UserMapper.login          : ==> Parameters: zhangsan(String), 123456(String)
2023-02-01T04:12:23.695+08:00 DEBUG 18448 --- [http-nio-8088-exec-10] c.e.g.s.mapper.UserMapper.login          : <==      Total: 1
2023-02-01T04:12:23.723+08:00 DEBUG 18448 --- [http-nio-8088-exec-9] c.e.g.s.m.U.getPermissionByUserId        : ==>  Preparing: SELECT p.* FROM user_role ur,role_permission rp,permission p WHERE ur.role_id=rp.role_id AND rp.per_id=p.per_id AND ur.user_id=?
2023-02-01T04:12:23.723+08:00 DEBUG 18448 --- [http-nio-8088-exec-9] c.e.g.s.m.U.getPermissionByUserId        : ==> Parameters: 19004(Integer)
2023-02-01T04:12:23.725+08:00 DEBUG 18448 --- [http-nio-8088-exec-9] c.e.g.s.m.U.getPermissionByUserId        : <==      Total: 8
2023-02-01T04:12:32.678+08:00 DEBUG 18448 --- [http-nio-8088-exec-1] c.e.g.s.m.U.getPermissionByUserId        : ==>  Preparing: SELECT p.* FROM user_role ur,role_permission rp,permission p WHERE ur.role_id=rp.role_id AND rp.per_id=p.per_id AND ur.user_id=?
2023-02-01T04:12:32.679+08:00 DEBUG 18448 --- [http-nio-8088-exec-1] c.e.g.s.m.U.getPermissionByUserId        : ==> Parameters: 19004(Integer)
2023-02-01T04:12:32.680+08:00 DEBUG 18448 --- [http-nio-8088-exec-1] c.e.g.s.m.U.getPermissionByUserId        : <==      Total: 8
2023-02-01T04:12:36.024+08:00 DEBUG 18448 --- [http-nio-8088-exec-3] c.e.g.s.mapper.UserMapper.login          : ==>  Preparing: SELECT * FROM users WHERE username=? AND password=?
2023-02-01T04:12:36.025+08:00 DEBUG 18448 --- [http-nio-8088-exec-3] c.e.g.s.mapper.UserMapper.login          : ==> Parameters: zhangsan(String), 123456(String)
2023-02-01T04:12:36.025+08:00 DEBUG 18448 --- [http-nio-8088-exec-3] c.e.g.s.mapper.UserMapper.login          : <==      Total: 1
2023-02-01T04:12:36.057+08:00 DEBUG 18448 --- [http-nio-8088-exec-2] c.e.g.s.m.U.getPermissionByUserId        : ==>  Preparing: SELECT p.* FROM user_role ur,role_permission rp,permission p WHERE ur.role_id=rp.role_id AND rp.per_id=p.per_id AND ur.user_id=?
2023-02-01T04:12:36.058+08:00 DEBUG 18448 --- [http-nio-8088-exec-2] c.e.g.s.m.U.getPermissionByUserId        : ==> Parameters: 19004(Integer)
2023-02-01T04:12:36.059+08:00 DEBUG 18448 --- [http-nio-8088-exec-2] c.e.g.s.m.U.getPermissionByUserId        : <==      Total: 8
2023-02-01T04:14:56.901+08:00 DEBUG 18448 --- [http-nio-8088-exec-8] c.e.g.s.mapper.UserMapper.login          : ==>  Preparing: SELECT * FROM users WHERE username=? AND password=?
2023-02-01T04:14:56.901+08:00 DEBUG 18448 --- [http-nio-8088-exec-8] c.e.g.s.mapper.UserMapper.login          : ==> Parameters: admin(String), 1234(String)
2023-02-01T04:14:56.902+08:00 DEBUG 18448 --- [http-nio-8088-exec-8] c.e.g.s.mapper.UserMapper.login          : <==      Total: 1
2023-02-01T04:14:56.934+08:00 DEBUG 18448 --- [http-nio-8088-exec-7] c.e.g.s.m.U.getPermissionByUserId        : ==>  Preparing: SELECT p.* FROM user_role ur,role_permission rp,permission p WHERE ur.role_id=rp.role_id AND rp.per_id=p.per_id AND ur.user_id=?
2023-02-01T04:14:56.934+08:00 DEBUG 18448 --- [http-nio-8088-exec-7] c.e.g.s.m.U.getPermissionByUserId        : ==> Parameters: 19001(Integer)
2023-02-01T04:14:56.935+08:00 DEBUG 18448 --- [http-nio-8088-exec-7] c.e.g.s.m.U.getPermissionByUserId        : <==      Total: 14
2023-02-01T04:15:18.573+08:00 DEBUG 18448 --- [http-nio-8088-exec-6] c.e.g.s.m.U.getPermissionByUserId        : ==>  Preparing: SELECT p.* FROM user_role ur,role_permission rp,permission p WHERE ur.role_id=rp.role_id AND rp.per_id=p.per_id AND ur.user_id=?
2023-02-01T04:15:18.573+08:00 DEBUG 18448 --- [http-nio-8088-exec-6] c.e.g.s.m.U.getPermissionByUserId        : ==> Parameters: 19001(Integer)
2023-02-01T04:15:18.574+08:00 DEBUG 18448 --- [http-nio-8088-exec-6] c.e.g.s.m.U.getPermissionByUserId        : <==      Total: 14
2023-02-01T04:15:28.138+08:00 DEBUG 18448 --- [http-nio-8088-exec-5] c.e.g.s.m.U.getPermissionByUserId        : ==>  Preparing: SELECT p.* FROM user_role ur,role_permission rp,permission p WHERE ur.role_id=rp.role_id AND rp.per_id=p.per_id AND ur.user_id=?
2023-02-01T04:15:28.139+08:00 DEBUG 18448 --- [http-nio-8088-exec-5] c.e.g.s.m.U.getPermissionByUserId        : ==> Parameters: 19001(Integer)
2023-02-01T04:15:28.143+08:00 DEBUG 18448 --- [http-nio-8088-exec-5] c.e.g.s.m.U.getPermissionByUserId        : <==      Total: 14
2023-02-01T04:15:40.746+08:00  INFO 18448 --- [SpringApplicationShutdownHook] com.zaxxer.hikari.HikariDataSource       : HikariPool-1 - Shutdown initiated...
2023-02-01T04:15:40.746+08:00  INFO 18448 --- [SpringApplicationShutdownHook] com.zaxxer.hikari.HikariDataSource       : HikariPool-1 - Shutdown completed.
